Change Component Designator: Old Designator=C44 New Designator=C1
Change Component Designator: Old Designator=C45 New Designator=C2
Change Component Designator: Old Designator=C46 New Designator=C3
Change Component Designator: Old Designator=C47 New Designator=C6
Change Component Designator: Old Designator=C48 New Designator=C7
Change Component Designator: Old Designator=C49 New Designator=C8
Change Component Designator: Old Designator=C50 New Designator=C9
Change Component Designator: Old Designator=C51 New Designator=C10
Change Component Designator: Old Designator=C52 New Designator=C11
Change Component Designator: Old Designator=C53 New Designator=C12
Change Component Designator: Old Designator=C? New Designator=C4
Change Component Designator: Old Designator=C? New Designator=C5
Change Component Designator: Old Designator=D7 New Designator=D1
Change Component Designator: Old Designator=JP2 New Designator=JP1
Change Component Designator: Old Designator=R81 New Designator=R1
Change Component Designator: Old Designator=R84 New Designator=R2
Change Component Designator: Old Designator=R91 New Designator=R3
Change Component Designator: Old Designator=S3 New Designator=S1
Change Component Designator: Old Designator=U16 New Designator=U1
Change Component Designator: Old Designator=Y2 New Designator=Y1
