Change Component Designator: Old Designator=C61 New Designator=C20
Change Component Designator: Old Designator=C62 New Designator=C21
Change Component Designator: Old Designator=C63 New Designator=C22
Change Component Designator: Old Designator=C64 New Designator=C23
Change Component Designator: Old Designator=C65 New Designator=C24
Change Component Designator: Old Designator=C66 New Designator=C25
Change Component Designator: Old Designator=C67 New Designator=C26
Change Component Designator: Old Designator=C68 New Designator=C27
Change Component Designator: Old Designator=J15 New Designator=J2
Change Component Designator: Old Designator=J16 New Designator=J3
Change Component Designator: Old Designator=J17 New Designator=J4
Change Component Designator: Old Designator=J18 New Designator=J5
Change Component Designator: Old Designator=J19 New Designator=J6
Change Component Designator: Old Designator=J20 New Designator=J7
Change Component Designator: Old Designator=J21 New Designator=J8
Change Component Designator: Old Designator=J22 New Designator=J9
Change Component Designator: Old Designator=J23 New Designator=J10
Change Component Designator: Old Designator=J24 New Designator=J11
Change Component Designator: Old Designator=Q11 New Designator=Q3
Change Component Designator: Old Designator=Q12 New Designator=Q4
Change Component Designator: Old Designator=Q13 New Designator=Q5
Change Component Designator: Old Designator=Q14 New Designator=Q6
Change Component Designator: Old Designator=Q15 New Designator=Q7
Change Component Designator: Old Designator=Q16 New Designator=Q8
Change Component Designator: Old Designator=Q17 New Designator=Q9
Change Component Designator: Old Designator=Q18 New Designator=Q10
Change Component Designator: Old Designator=R99 New Designator=R11
Change Component Designator: Old Designator=R100 New Designator=R12
Change Component Designator: Old Designator=R101 New Designator=R13
Change Component Designator: Old Designator=R102 New Designator=R14
Change Component Designator: Old Designator=R103 New Designator=R15
Change Component Designator: Old Designator=R104 New Designator=R16
Change Component Designator: Old Designator=R105 New Designator=R17
Change Component Designator: Old Designator=R106 New Designator=R18
Change Component Designator: Old Designator=R107 New Designator=R19
Change Component Designator: Old Designator=R108 New Designator=R20
Change Component Designator: Old Designator=R109 New Designator=R21
Change Component Designator: Old Designator=R110 New Designator=R22
Change Component Designator: Old Designator=R111 New Designator=R23
Change Component Designator: Old Designator=R112 New Designator=R24
Change Component Designator: Old Designator=R113 New Designator=R25
Change Component Designator: Old Designator=R114 New Designator=R26
Change Component Designator: Old Designator=R115 New Designator=R27
Change Component Designator: Old Designator=R116 New Designator=R28
Change Component Designator: Old Designator=R117 New Designator=R29
Change Component Designator: Old Designator=R118 New Designator=R30
Change Component Designator: Old Designator=R119 New Designator=R31
Change Component Designator: Old Designator=R120 New Designator=R32
Change Component Designator: Old Designator=R121 New Designator=R33
Change Component Designator: Old Designator=R122 New Designator=R34
Change Component Designator: Old Designator=R123 New Designator=R35
Change Component Designator: Old Designator=R124 New Designator=R36
Change Component Designator: Old Designator=R125 New Designator=R37
Change Component Designator: Old Designator=R126 New Designator=R38
Change Component Designator: Old Designator=R127 New Designator=R39
Change Component Designator: Old Designator=R128 New Designator=R40
Change Component Designator: Old Designator=R129 New Designator=R41
Change Component Designator: Old Designator=R130 New Designator=R42
Change Component Designator: Old Designator=R131 New Designator=R43
Change Component Designator: Old Designator=R132 New Designator=R44
Change Component Designator: Old Designator=R133 New Designator=R45
Change Component Designator: Old Designator=R134 New Designator=R46
Change Component Designator: Old Designator=R135 New Designator=R47
Change Component Designator: Old Designator=R136 New Designator=R48
Change Component Designator: Old Designator=R137 New Designator=R49
Change Component Designator: Old Designator=R138 New Designator=R50
Change Component Designator: Old Designator=R139 New Designator=R51
Change Component Designator: Old Designator=R140 New Designator=R52
Change Component Designator: Old Designator=R141 New Designator=R53
Change Component Designator: Old Designator=R142 New Designator=R54
Change Component Designator: Old Designator=R143 New Designator=R55
Change Component Designator: Old Designator=R144 New Designator=R56
Change Component Designator: Old Designator=R145 New Designator=R57
Change Component Designator: Old Designator=R146 New Designator=R58
Change Component Designator: Old Designator=R147 New Designator=R59
Change Component Designator: Old Designator=R148 New Designator=R60
Change Component Designator: Old Designator=R149 New Designator=R61
Change Component Designator: Old Designator=R150 New Designator=R62
Change Component Designator: Old Designator=R151 New Designator=R63
Change Component Designator: Old Designator=R152 New Designator=R64
Change Component Designator: Old Designator=R153 New Designator=R65
Change Component Designator: Old Designator=R154 New Designator=R66
Change Component Designator: Old Designator=R155 New Designator=R67
Change Component Designator: Old Designator=R156 New Designator=R68
Change Component Designator: Old Designator=R157 New Designator=R69
Change Component Designator: Old Designator=R158 New Designator=R70
Change Component Designator: Old Designator=R159 New Designator=R71
Change Component Designator: Old Designator=R160 New Designator=R72
Change Component Designator: Old Designator=R161 New Designator=R73
Change Component Designator: Old Designator=R162 New Designator=R74
Change Component Designator: Old Designator=R163 New Designator=R75
Change Component Designator: Old Designator=R164 New Designator=R76
Change Component Designator: Old Designator=R165 New Designator=R77
Change Component Designator: Old Designator=R166 New Designator=R78
Change Component Designator: Old Designator=R167 New Designator=R79
Change Component Designator: Old Designator=R168 New Designator=R80
Change Component Designator: Old Designator=R169 New Designator=R81
Change Component Designator: Old Designator=R170 New Designator=R82
Change Component Designator: Old Designator=U20 New Designator=U5
Change Component Designator: Old Designator=U21 New Designator=U6
Change Component Designator: Old Designator=U22 New Designator=U7
Change Component Designator: Old Designator=U23 New Designator=U8
Change Component Designator: Old Designator=U24 New Designator=U9
Change Component Designator: Old Designator=U25 New Designator=U10
Change Component Designator: Old Designator=U26 New Designator=U11
Change Component Designator: Old Designator=U27 New Designator=U12
