Change Component Designator: OldDesignator=B3 NewDesignator=B1
Change Component Designator: OldDesignator=B4 NewDesignator=B2
Change Component Designator: OldDesignator=C44 NewDesignator=C1
Change Component Designator: OldDesignator=C45 NewDesignator=C2
Change Component Designator: OldDesignator=C46 NewDesignator=C3
Change Component Designator: OldDesignator=C47 NewDesignator=C6
Change Component Designator: OldDesignator=C48 NewDesignator=C7
Change Component Designator: OldDesignator=C49 NewDesignator=C8
Change Component Designator: OldDesignator=C50 NewDesignator=C9
Change Component Designator: OldDesignator=C51 NewDesignator=C10
Change Component Designator: OldDesignator=C52 NewDesignator=C11
Change Component Designator: OldDesignator=C53 NewDesignator=C12
Change Component Designator: OldDesignator=C54 NewDesignator=C13
Change Component Designator: OldDesignator=C55 NewDesignator=C14
Change Component Designator: OldDesignator=C56 NewDesignator=C15
Change Component Designator: OldDesignator=C57 NewDesignator=C16
Change Component Designator: OldDesignator=C58 NewDesignator=C17
Change Component Designator: OldDesignator=C59 NewDesignator=C18
Change Component Designator: OldDesignator=C60 NewDesignator=C19
Change Component Designator: OldDesignator=C61 NewDesignator=C20
Change Component Designator: OldDesignator=C62 NewDesignator=C21
Change Component Designator: OldDesignator=C63 NewDesignator=C22
Change Component Designator: OldDesignator=C64 NewDesignator=C23
Change Component Designator: OldDesignator=C65 NewDesignator=C24
Change Component Designator: OldDesignator=C66 NewDesignator=C25
Change Component Designator: OldDesignator=C67 NewDesignator=C26
Change Component Designator: OldDesignator=C68 NewDesignator=C27
Change Component Designator: OldDesignator=C69 NewDesignator=C28
Change Component Designator: OldDesignator=C70 NewDesignator=C29
Change Component Designator: OldDesignator=C71 NewDesignator=C30
Change Component Designator: OldDesignator=C72 NewDesignator=C31
Change Component Designator: OldDesignator=C73 NewDesignator=C32
Change Component Designator: OldDesignator=C74 NewDesignator=C33
Change Component Designator: OldDesignator=C75 NewDesignator=C34
Change Component Designator: OldDesignator=C76 NewDesignator=C35
Change Component Designator: OldDesignator=C77 NewDesignator=C36
Change Component Designator: OldDesignator=C78 NewDesignator=C37
Change Component Designator: OldDesignator=C79 NewDesignator=C38
Change Component Designator: OldDesignator=C80 NewDesignator=C39
Change Component Designator: OldDesignator=C81 NewDesignator=C40
Change Component Designator: OldDesignator=C82 NewDesignator=C41
Change Component Designator: OldDesignator=C83 NewDesignator=C42
Change Component Designator: OldDesignator=C84 NewDesignator=C43
Change Component Designator: OldDesignator=C85 NewDesignator=C44
Change Component Designator: OldDesignator=D7 NewDesignator=D1
Change Component Designator: OldDesignator=D8 NewDesignator=D2
Change Component Designator: OldDesignator=D9 NewDesignator=D3
Change Component Designator: OldDesignator=D10 NewDesignator=D4
Change Component Designator: OldDesignator=D11 NewDesignator=D5
Change Component Designator: OldDesignator=D12 NewDesignator=D6
Change Component Designator: OldDesignator=F2 NewDesignator=F1
Change Component Designator: OldDesignator=IC2 NewDesignator=IC1
Change Component Designator: OldDesignator=J14 NewDesignator=J1
Change Component Designator: OldDesignator=J15 NewDesignator=J2
Change Component Designator: OldDesignator=J16 NewDesignator=J3
Change Component Designator: OldDesignator=J17 NewDesignator=J4
Change Component Designator: OldDesignator=J18 NewDesignator=J5
Change Component Designator: OldDesignator=J19 NewDesignator=J6
Change Component Designator: OldDesignator=J20 NewDesignator=J7
Change Component Designator: OldDesignator=J21 NewDesignator=J8
Change Component Designator: OldDesignator=J22 NewDesignator=J9
Change Component Designator: OldDesignator=J23 NewDesignator=J10
Change Component Designator: OldDesignator=J24 NewDesignator=J11
Change Component Designator: OldDesignator=J25 NewDesignator=J12
Change Component Designator: OldDesignator=J26 NewDesignator=J13
Change Component Designator: OldDesignator=JP2 NewDesignator=JP1
Change Component Designator: OldDesignator=LS2 NewDesignator=LS1
Change Component Designator: OldDesignator=Q9 NewDesignator=Q1
Change Component Designator: OldDesignator=Q10 NewDesignator=Q2
Change Component Designator: OldDesignator=Q11 NewDesignator=Q3
Change Component Designator: OldDesignator=Q12 NewDesignator=Q4
Change Component Designator: OldDesignator=Q13 NewDesignator=Q5
Change Component Designator: OldDesignator=Q14 NewDesignator=Q6
Change Component Designator: OldDesignator=Q15 NewDesignator=Q7
Change Component Designator: OldDesignator=Q16 NewDesignator=Q8
Change Component Designator: OldDesignator=Q17 NewDesignator=Q9
Change Component Designator: OldDesignator=Q18 NewDesignator=Q10
Change Component Designator: OldDesignator=R81 NewDesignator=R1
Change Component Designator: OldDesignator=R84 NewDesignator=R2
Change Component Designator: OldDesignator=R91 NewDesignator=R3
Change Component Designator: OldDesignator=R92 NewDesignator=R4
Change Component Designator: OldDesignator=R93 NewDesignator=R5
Change Component Designator: OldDesignator=R94 NewDesignator=R6
Change Component Designator: OldDesignator=R95 NewDesignator=R7
Change Component Designator: OldDesignator=R96 NewDesignator=R8
Change Component Designator: OldDesignator=R97 NewDesignator=R9
Change Component Designator: OldDesignator=R98 NewDesignator=R10
Change Component Designator: OldDesignator=R99 NewDesignator=R11
Change Component Designator: OldDesignator=R100 NewDesignator=R12
Change Component Designator: OldDesignator=R101 NewDesignator=R13
Change Component Designator: OldDesignator=R102 NewDesignator=R14
Change Component Designator: OldDesignator=R103 NewDesignator=R15
Change Component Designator: OldDesignator=R104 NewDesignator=R16
Change Component Designator: OldDesignator=R105 NewDesignator=R17
Change Component Designator: OldDesignator=R106 NewDesignator=R18
Change Component Designator: OldDesignator=R107 NewDesignator=R19
Change Component Designator: OldDesignator=R108 NewDesignator=R20
Change Component Designator: OldDesignator=R109 NewDesignator=R21
Change Component Designator: OldDesignator=R110 NewDesignator=R22
Change Component Designator: OldDesignator=R111 NewDesignator=R23
Change Component Designator: OldDesignator=R112 NewDesignator=R24
Change Component Designator: OldDesignator=R113 NewDesignator=R25
Change Component Designator: OldDesignator=R114 NewDesignator=R26
Change Component Designator: OldDesignator=R115 NewDesignator=R27
Change Component Designator: OldDesignator=R116 NewDesignator=R28
Change Component Designator: OldDesignator=R117 NewDesignator=R29
Change Component Designator: OldDesignator=R118 NewDesignator=R30
Change Component Designator: OldDesignator=R119 NewDesignator=R31
Change Component Designator: OldDesignator=R120 NewDesignator=R32
Change Component Designator: OldDesignator=R121 NewDesignator=R33
Change Component Designator: OldDesignator=R122 NewDesignator=R34
Change Component Designator: OldDesignator=R123 NewDesignator=R35
Change Component Designator: OldDesignator=R124 NewDesignator=R36
Change Component Designator: OldDesignator=R125 NewDesignator=R37
Change Component Designator: OldDesignator=R126 NewDesignator=R38
Change Component Designator: OldDesignator=R127 NewDesignator=R39
Change Component Designator: OldDesignator=R128 NewDesignator=R40
Change Component Designator: OldDesignator=R129 NewDesignator=R41
Change Component Designator: OldDesignator=R130 NewDesignator=R42
Change Component Designator: OldDesignator=R131 NewDesignator=R43
Change Component Designator: OldDesignator=R132 NewDesignator=R44
Change Component Designator: OldDesignator=R133 NewDesignator=R45
Change Component Designator: OldDesignator=R134 NewDesignator=R46
Change Component Designator: OldDesignator=R135 NewDesignator=R47
Change Component Designator: OldDesignator=R136 NewDesignator=R48
Change Component Designator: OldDesignator=R137 NewDesignator=R49
Change Component Designator: OldDesignator=R138 NewDesignator=R50
Change Component Designator: OldDesignator=R139 NewDesignator=R51
Change Component Designator: OldDesignator=R140 NewDesignator=R52
Change Component Designator: OldDesignator=R141 NewDesignator=R53
Change Component Designator: OldDesignator=R142 NewDesignator=R54
Change Component Designator: OldDesignator=R143 NewDesignator=R55
Change Component Designator: OldDesignator=R144 NewDesignator=R56
Change Component Designator: OldDesignator=R145 NewDesignator=R57
Change Component Designator: OldDesignator=R146 NewDesignator=R58
Change Component Designator: OldDesignator=R147 NewDesignator=R59
Change Component Designator: OldDesignator=R148 NewDesignator=R60
Change Component Designator: OldDesignator=R149 NewDesignator=R61
Change Component Designator: OldDesignator=R150 NewDesignator=R62
Change Component Designator: OldDesignator=R151 NewDesignator=R63
Change Component Designator: OldDesignator=R152 NewDesignator=R64
Change Component Designator: OldDesignator=R153 NewDesignator=R65
Change Component Designator: OldDesignator=R154 NewDesignator=R66
Change Component Designator: OldDesignator=R155 NewDesignator=R67
Change Component Designator: OldDesignator=R156 NewDesignator=R68
Change Component Designator: OldDesignator=R157 NewDesignator=R69
Change Component Designator: OldDesignator=R158 NewDesignator=R70
Change Component Designator: OldDesignator=R159 NewDesignator=R71
Change Component Designator: OldDesignator=R160 NewDesignator=R72
Change Component Designator: OldDesignator=R161 NewDesignator=R73
Change Component Designator: OldDesignator=R162 NewDesignator=R74
Change Component Designator: OldDesignator=R163 NewDesignator=R75
Change Component Designator: OldDesignator=R164 NewDesignator=R76
Change Component Designator: OldDesignator=R165 NewDesignator=R77
Change Component Designator: OldDesignator=R166 NewDesignator=R78
Change Component Designator: OldDesignator=R167 NewDesignator=R79
Change Component Designator: OldDesignator=R168 NewDesignator=R80
Change Component Designator: OldDesignator=R169 NewDesignator=R81
Change Component Designator: OldDesignator=R170 NewDesignator=R82
Change Component Designator: OldDesignator=R171 NewDesignator=R83
Change Component Designator: OldDesignator=R172 NewDesignator=R84
Change Component Designator: OldDesignator=R173 NewDesignator=R85
Change Component Designator: OldDesignator=R174 NewDesignator=R86
Change Component Designator: OldDesignator=R175 NewDesignator=R87
Change Component Designator: OldDesignator=R176 NewDesignator=R88
Change Component Designator: OldDesignator=R177 NewDesignator=R89
Change Component Designator: OldDesignator=R178 NewDesignator=R90
Change Component Designator: OldDesignator=S3 NewDesignator=S1
Change Component Designator: OldDesignator=S4 NewDesignator=S2
Change Component Designator: OldDesignator=SW2 NewDesignator=SW1
Change Component Designator: OldDesignator=U16 NewDesignator=U1
Change Component Designator: OldDesignator=U17 NewDesignator=U2
Change Component Designator: OldDesignator=U18 NewDesignator=U3
Change Component Designator: OldDesignator=U19 NewDesignator=U4
Change Component Designator: OldDesignator=U20 NewDesignator=U5
Change Component Designator: OldDesignator=U21 NewDesignator=U6
Change Component Designator: OldDesignator=U22 NewDesignator=U7
Change Component Designator: OldDesignator=U23 NewDesignator=U8
Change Component Designator: OldDesignator=U24 NewDesignator=U9
Change Component Designator: OldDesignator=U25 NewDesignator=U10
Change Component Designator: OldDesignator=U26 NewDesignator=U11
Change Component Designator: OldDesignator=U27 NewDesignator=U12
Change Component Designator: OldDesignator=U28 NewDesignator=U13
Change Component Designator: OldDesignator=U29 NewDesignator=U14
Change Component Designator: OldDesignator=U30 NewDesignator=U15
Change Component Designator: OldDesignator=Y2 NewDesignator=Y1
Added Component: Designator=C4(CAP_0603)
Add component (AddParameter): Name = "Capacitance"; Value = "100 nF"; VariantName = "[No Variations]"
Add component (AddParameter): Name = "ComponentLink2Description"; Value = "Datasheet"; VariantName = "[No Variations]"
Add component (AddParameter): Name = "ComponentLink2URL"; Value = "https://product.tdk.com/system/files/dam/doc/product/capacitor/ceramic/mlcc/catalog/mlcc_automotive_soft_en.pdf?ref_disty=mouser"; VariantName = "[No Variations]"
Add component (AddParameter): Name = "Manufacture Name"; Value = "TDK"; VariantName = "[No Variations]"
Add component (AddParameter): Name = "Manufacture SN"; Value = "CGA3E3X8R1H104K080AE"; VariantName = "[No Variations]"
Add component (AddParameter): Name = "Mounting Technology"; Value = "SMT"; VariantName = "[No Variations]"
Add component (AddParameter): Name = "Operating Temperature"; Value = "-55 to +125degC"; VariantName = "[No Variations]"
Add component (AddParameter): Name = "Packaging"; Value = "Tape and Reel"; VariantName = "[No Variations]"
Add component (AddParameter): Name = "Size"; Value = "0603"; VariantName = "[No Variations]"
Add component (AddParameter): Name = "Supplier 1 Name"; Value = "Mouser"; VariantName = "[No Variations]"
Add component (AddParameter): Name = "Supplier 1 SN"; Value = "810-CGA3E3X8R1H104KA"; VariantName = "[No Variations]"
Add component (AddParameter): Name = "Supplier 1 URL"; Value = "https://www.mouser.com/ProductDetail/TDK/CGA3E3X8R1H104K080AE?qs=nQSIdc08i%252Bd8g3IRRgU2bw%3D%3D&utm_source=mouser-refine-download&utm_medium=file&utm_campaign=CGA3E3X8R1H104K080AE&utm_content=TDK"; VariantName = "[No Variations]"
Add component (AddParameter): Name = "Supplier 2 Name"; Value = "Digi-Key"; VariantName = "[No Variations]"
Add component (AddParameter): Name = "Supplier 2 SN"; Value = "445-173697-2-ND"; VariantName = "[No Variations]"
Add component (AddParameter): Name = "Supplier 2 URL"; Value = "https://www.digikey.com/en/products/detail/tdk-corporation/cga3e3x8r1h104k080ae/5809262"; VariantName = "[No Variations]"
Add component (AddParameter): Name = "Supplier 3 Name"; Value = "thegioiic"; VariantName = "[No Variations]"
Add component (AddParameter): Name = "Supplier 3 SN"; Value = "N/A"; VariantName = "[No Variations]"
Add component (AddParameter): Name = "Supplier 3 URL"; Value = "N/A"; VariantName = "[No Variations]"
Add component (AddParameter): Name = "Tolerance"; Value = "+/-10%"; VariantName = "[No Variations]"
Add component (AddParameter): Name = "Value"; Value = "100 nF, 50 VDC"; VariantName = "[No Variations]"
Add component (AddParameter): Name = "Voltage Rating DC"; Value = "50 VDC"; VariantName = "[No Variations]"
Added Component: Designator=C5(CAP_0603)
Add component (AddParameter): Name = "Capacitance"; Value = "1 uF"; VariantName = "[No Variations]"
Add component (AddParameter): Name = "ComponentLink2Description"; Value = "Datasheet"; VariantName = "[No Variations]"
Add component (AddParameter): Name = "ComponentLink2URL"; Value = "https://www.mouser.vn/datasheet/2/585/Samsung_MLCC_1837944-1929650.pdf"; VariantName = "[No Variations]"
Add component (AddParameter): Name = "Manufacture Name"; Value = "Samsung Electro-Mechanics"; VariantName = "[No Variations]"
Add component (AddParameter): Name = "Manufacture SN"; Value = "CL10B105KO8NNWC"; VariantName = "[No Variations]"
Add component (AddParameter): Name = "Mounting Technology"; Value = "SMT"; VariantName = "[No Variations]"
Add component (AddParameter): Name = "Operating Temperature"; Value = "-55 to +125degC"; VariantName = "[No Variations]"
Add component (AddParameter): Name = "Packaging"; Value = "Tape and Reel"; VariantName = "[No Variations]"
Add component (AddParameter): Name = "Size"; Value = "0603"; VariantName = "[No Variations]"
Add component (AddParameter): Name = "Supplier 1 Name"; Value = "Mouser"; VariantName = "[No Variations]"
Add component (AddParameter): Name = "Supplier 1 SN"; Value = "187-CL10B105KO8NNWC"; VariantName = "[No Variations]"
Add component (AddParameter): Name = "Supplier 1 URL"; Value = "https://www.mouser.vn/ProductDetail/Samsung-Electro-Mechanics/CL10B105KO8NNWC?qs=81r%252BiQLm7BT%252BXtc72qn1ug%3D%3D&utm_source=mouser-refine-download&utm_medium=file&utm_campaign=CL10B105KO8NNWC&utm_content=Samsung-Electro-Mechanics"; VariantName = "[No Variations]"
Add component (AddParameter): Name = "Supplier 2 Name"; Value = "Digi-Key"; VariantName = "[No Variations]"
Add component (AddParameter): Name = "Supplier 2 SN"; Value = "1276-CL10B105KO8NNWCTR-ND"; VariantName = "[No Variations]"
Add component (AddParameter): Name = "Supplier 2 URL"; Value = "https://www.digikey.com/en/products/detail/samsung-electro-mechanics/cl10b105ko8nnwc/16572783"; VariantName = "[No Variations]"
Add component (AddParameter): Name = "Supplier 3 Name"; Value = "thegioiic"; VariantName = "[No Variations]"
Add component (AddParameter): Name = "Supplier 3 SN"; Value = "N/A"; VariantName = "[No Variations]"
Add component (AddParameter): Name = "Supplier 3 URL"; Value = "https://www.thegioiic.com/tu-gom-0603-1uf-16v"; VariantName = "[No Variations]"
Add component (AddParameter): Name = "Tolerance"; Value = "+/-10%"; VariantName = "[No Variations]"
Add component (AddParameter): Name = "Value"; Value = "1 uF, 16 VDC"; VariantName = "[No Variations]"
Add component (AddParameter): Name = "Voltage Rating DC"; Value = "16 VDC"; VariantName = "[No Variations]"
Added Pin To Net: NetName=GND Pin=C4-1
Added Pin To Net: NetName=3V3 Pin=C4-2
Added Pin To Net: NetName=GND Pin=C5-1
Added Pin To Net: NetName=3V3 Pin=C5-2
Change Net Name : Old Net Name=NetB3_IN New Net Name=NetB1_IN
Change Net Name : Old Net Name=NetB4_IN New Net Name=NetB2_IN
Change Net Name : Old Net Name=NetC69_2 New Net Name=NetC28_2
Change Net Name : Old Net Name=NetC71_1 New Net Name=NetC30_1
Change Net Name : Old Net Name=NetC72_1 New Net Name=NetC31_1
Change Net Name : Old Net Name=NetC72_2 New Net Name=NetC31_2
Change Net Name : Old Net Name=NetC73_2 New Net Name=NetC32_2
Change Net Name : Old Net Name=NetC75_1 New Net Name=NetC34_1
Change Net Name : Old Net Name=NetC75_2 New Net Name=NetC34_2
Change Net Name : Old Net Name=NetC81_2 New Net Name=NetC40_2
Change Net Name : Old Net Name=NetD7_1 New Net Name=NetD1_1
Change Net Name : Old Net Name=NetD8_1 New Net Name=NetD2_1
Change Net Name : Old Net Name=NetD11_2 New Net Name=NetD5_2
Change Net Name : Old Net Name=NetD12_2 New Net Name=NetD6_2
Change Net Name : Old Net Name=NetIC2_2 New Net Name=NetIC1_2
Change Net Name : Old Net Name=NetJ14_2 New Net Name=NetJ1_2
Change Net Name : Old Net Name=NetJ14_3 New Net Name=NetJ1_3
Change Net Name : Old Net Name=NetJ15_2 New Net Name=NetJ2_2
Change Net Name : Old Net Name=NetJ15_3 New Net Name=NetJ2_3
Change Net Name : Old Net Name=NetJ15_4 New Net Name=NetJ2_4
Change Net Name : Old Net Name=NetJ15_5 New Net Name=NetJ2_5
Change Net Name : Old Net Name=NetJ15_6 New Net Name=NetJ2_6
Change Net Name : Old Net Name=NetJ16_1 New Net Name=NetJ3_1
Change Net Name : Old Net Name=NetJ16_2 New Net Name=NetJ3_2
Change Net Name : Old Net Name=NetJ16_3 New Net Name=NetJ3_3
Change Net Name : Old Net Name=NetJ16_4 New Net Name=NetJ3_4
Change Net Name : Old Net Name=NetJ16_5 New Net Name=NetJ3_5
Change Net Name : Old Net Name=NetJ16_6 New Net Name=NetJ3_6
Change Net Name : Old Net Name=NetJ16_7 New Net Name=NetJ3_7
Change Net Name : Old Net Name=NetJ16_8 New Net Name=NetJ3_8
Change Net Name : Old Net Name=NetJ17_1 New Net Name=NetJ4_1
Change Net Name : Old Net Name=NetJ17_2 New Net Name=NetJ4_2
Change Net Name : Old Net Name=NetJ17_3 New Net Name=NetJ4_3
Change Net Name : Old Net Name=NetJ17_4 New Net Name=NetJ4_4
Change Net Name : Old Net Name=NetJ17_5 New Net Name=NetJ4_5
Change Net Name : Old Net Name=NetJ17_6 New Net Name=NetJ4_6
Change Net Name : Old Net Name=NetJ17_7 New Net Name=NetJ4_7
Change Net Name : Old Net Name=NetJ17_8 New Net Name=NetJ4_8
Change Net Name : Old Net Name=NetJ18_1 New Net Name=NetJ5_1
Change Net Name : Old Net Name=NetJ18_2 New Net Name=NetJ5_2
Change Net Name : Old Net Name=NetJ18_3 New Net Name=NetJ5_3
Change Net Name : Old Net Name=NetJ18_4 New Net Name=NetJ5_4
Change Net Name : Old Net Name=NetJ18_5 New Net Name=NetJ5_5
Change Net Name : Old Net Name=NetJ18_6 New Net Name=NetJ5_6
Change Net Name : Old Net Name=NetJ18_7 New Net Name=NetJ5_7
Change Net Name : Old Net Name=NetJ18_8 New Net Name=NetJ5_8
Change Net Name : Old Net Name=NetJ19_1 New Net Name=NetJ6_1
Change Net Name : Old Net Name=NetJ19_2 New Net Name=NetJ6_2
Change Net Name : Old Net Name=NetJ19_3 New Net Name=NetJ6_3
Change Net Name : Old Net Name=NetJ19_4 New Net Name=NetJ6_4
Change Net Name : Old Net Name=NetJ19_5 New Net Name=NetJ6_5
Change Net Name : Old Net Name=NetJ19_6 New Net Name=NetJ6_6
Change Net Name : Old Net Name=NetJ19_7 New Net Name=NetJ6_7
Change Net Name : Old Net Name=NetJ19_8 New Net Name=NetJ6_8
Change Net Name : Old Net Name=NetJ20_1 New Net Name=NetJ7_1
Change Net Name : Old Net Name=NetJ20_2 New Net Name=NetJ7_2
Change Net Name : Old Net Name=NetJ20_3 New Net Name=NetJ7_3
Change Net Name : Old Net Name=NetJ20_4 New Net Name=NetJ7_4
Change Net Name : Old Net Name=NetJ20_5 New Net Name=NetJ7_5
Change Net Name : Old Net Name=NetJ20_6 New Net Name=NetJ7_6
Change Net Name : Old Net Name=NetJ20_7 New Net Name=NetJ7_7
Change Net Name : Old Net Name=NetJ20_8 New Net Name=NetJ7_8
Change Net Name : Old Net Name=NetJ21_1 New Net Name=NetJ8_1
Change Net Name : Old Net Name=NetJ21_2 New Net Name=NetJ8_2
Change Net Name : Old Net Name=NetJ21_3 New Net Name=NetJ8_3
Change Net Name : Old Net Name=NetJ21_4 New Net Name=NetJ8_4
Change Net Name : Old Net Name=NetJ21_5 New Net Name=NetJ8_5
Change Net Name : Old Net Name=NetJ21_6 New Net Name=NetJ8_6
Change Net Name : Old Net Name=NetJ21_7 New Net Name=NetJ8_7
Change Net Name : Old Net Name=NetJ21_8 New Net Name=NetJ8_8
Change Net Name : Old Net Name=NetJ22_1 New Net Name=NetJ9_1
Change Net Name : Old Net Name=NetJ22_2 New Net Name=NetJ9_2
Change Net Name : Old Net Name=NetJ22_3 New Net Name=NetJ9_3
Change Net Name : Old Net Name=NetJ22_4 New Net Name=NetJ9_4
Change Net Name : Old Net Name=NetJ22_5 New Net Name=NetJ9_5
Change Net Name : Old Net Name=NetJ22_6 New Net Name=NetJ9_6
Change Net Name : Old Net Name=NetJ22_7 New Net Name=NetJ9_7
Change Net Name : Old Net Name=NetJ22_8 New Net Name=NetJ9_8
Change Net Name : Old Net Name=NetJ23_1 New Net Name=NetJ10_1
Change Net Name : Old Net Name=NetJ23_2 New Net Name=NetJ10_2
Change Net Name : Old Net Name=NetJ23_3 New Net Name=NetJ10_3
Change Net Name : Old Net Name=NetJ23_4 New Net Name=NetJ10_4
Change Net Name : Old Net Name=NetJ23_5 New Net Name=NetJ10_5
Change Net Name : Old Net Name=NetJ23_6 New Net Name=NetJ10_6
Change Net Name : Old Net Name=NetJ23_7 New Net Name=NetJ10_7
Change Net Name : Old Net Name=NetJ23_8 New Net Name=NetJ10_8
Change Net Name : Old Net Name=NetJ24_1 New Net Name=NetJ11_1
Change Net Name : Old Net Name=NetJ24_2 New Net Name=NetJ11_2
Change Net Name : Old Net Name=NetJ24_3 New Net Name=NetJ11_3
Change Net Name : Old Net Name=NetJ24_4 New Net Name=NetJ11_4
Change Net Name : Old Net Name=NetJ24_5 New Net Name=NetJ11_5
Change Net Name : Old Net Name=NetJ24_6 New Net Name=NetJ11_6
Change Net Name : Old Net Name=NetJ24_7 New Net Name=NetJ11_7
Change Net Name : Old Net Name=NetJ24_8 New Net Name=NetJ11_8
Change Net Name : Old Net Name=NetJ25_1 New Net Name=NetJ12_1
Change Net Name : Old Net Name=NetJ25_2 New Net Name=NetJ12_2
Change Net Name : Old Net Name=NetJ25_3 New Net Name=NetJ12_3
Change Net Name : Old Net Name=NetJ25_4 New Net Name=NetJ12_4
Change Net Name : Old Net Name=NetJ25_5 New Net Name=NetJ12_5
Change Net Name : Old Net Name=NetJ26_1A New Net Name=NetJ13_1A
Change Net Name : Old Net Name=NetLS2_P New Net Name=NetLS1_P
Change Net Name : Old Net Name=NetQ9_1 New Net Name=NetQ1_1
Change Net Name : Old Net Name=NetQ10_1 New Net Name=NetQ2_1
Change Net Name : Old Net Name=NetQ11_3 New Net Name=NetQ3_3
Change Net Name : Old Net Name=NetQ12_3 New Net Name=NetQ4_3
Change Net Name : Old Net Name=NetQ13_3 New Net Name=NetQ5_3
Change Net Name : Old Net Name=NetQ14_3 New Net Name=NetQ6_3
Change Net Name : Old Net Name=NetQ15_3 New Net Name=NetQ7_3
Change Net Name : Old Net Name=NetQ16_3 New Net Name=NetQ8_3
Change Net Name : Old Net Name=NetQ17_3 New Net Name=NetQ9_3
Change Net Name : Old Net Name=NetQ18_3 New Net Name=NetQ10_3
Change Net Name : Old Net Name=NetR93_1 New Net Name=NetR5_1
Change Net Name : Old Net Name=NetR93_2 New Net Name=NetR5_2
Change Net Name : Old Net Name=NetR94_1 New Net Name=NetR6_1
Change Net Name : Old Net Name=NetR94_2 New Net Name=NetR6_2
Change Net Name : Old Net Name=NetR99_2 New Net Name=NetR11_2
Change Net Name : Old Net Name=NetR100_1 New Net Name=NetR12_1
Change Net Name : Old Net Name=NetR101_1 New Net Name=NetR13_1
Change Net Name : Old Net Name=NetR102_1 New Net Name=NetR14_1
Change Net Name : Old Net Name=NetR103_1 New Net Name=NetR15_1
Change Net Name : Old Net Name=NetR104_1 New Net Name=NetR16_1
Change Net Name : Old Net Name=NetR105_1 New Net Name=NetR17_1
Change Net Name : Old Net Name=NetR106_1 New Net Name=NetR18_1
Change Net Name : Old Net Name=NetR107_1 New Net Name=NetR19_1
Change Net Name : Old Net Name=NetR108_1 New Net Name=NetR20_1
Change Net Name : Old Net Name=NetR109_1 New Net Name=NetR21_1
Change Net Name : Old Net Name=NetR110_1 New Net Name=NetR22_1
Change Net Name : Old Net Name=NetR111_1 New Net Name=NetR23_1
Change Net Name : Old Net Name=NetR112_1 New Net Name=NetR24_1
Change Net Name : Old Net Name=NetR113_1 New Net Name=NetR25_1
Change Net Name : Old Net Name=NetR114_1 New Net Name=NetR26_1
Change Net Name : Old Net Name=NetR115_1 New Net Name=NetR27_1
Change Net Name : Old Net Name=NetR116_2 New Net Name=NetR28_2
Change Net Name : Old Net Name=NetR117_1 New Net Name=NetR29_1
Change Net Name : Old Net Name=NetR118_1 New Net Name=NetR30_1
Change Net Name : Old Net Name=NetR119_2 New Net Name=NetR31_2
Change Net Name : Old Net Name=NetR120_1 New Net Name=NetR32_1
Change Net Name : Old Net Name=NetR121_1 New Net Name=NetR33_1
Change Net Name : Old Net Name=NetR122_1 New Net Name=NetR34_1
Change Net Name : Old Net Name=NetR123_1 New Net Name=NetR35_1
Change Net Name : Old Net Name=NetR124_1 New Net Name=NetR36_1
Change Net Name : Old Net Name=NetR125_1 New Net Name=NetR37_1
Change Net Name : Old Net Name=NetR126_1 New Net Name=NetR38_1
Change Net Name : Old Net Name=NetR127_1 New Net Name=NetR39_1
Change Net Name : Old Net Name=NetR128_1 New Net Name=NetR40_1
Change Net Name : Old Net Name=NetR129_1 New Net Name=NetR41_1
Change Net Name : Old Net Name=NetR130_1 New Net Name=NetR42_1
Change Net Name : Old Net Name=NetR131_1 New Net Name=NetR43_1
Change Net Name : Old Net Name=NetR132_1 New Net Name=NetR44_1
Change Net Name : Old Net Name=NetR133_1 New Net Name=NetR45_1
Change Net Name : Old Net Name=NetR134_2 New Net Name=NetR46_2
Change Net Name : Old Net Name=NetR135_1 New Net Name=NetR47_1
Change Net Name : Old Net Name=NetR136_1 New Net Name=NetR48_1
Change Net Name : Old Net Name=NetR137_1 New Net Name=NetR49_1
Change Net Name : Old Net Name=NetR138_1 New Net Name=NetR50_1
Change Net Name : Old Net Name=NetR139_2 New Net Name=NetR51_2
Change Net Name : Old Net Name=NetR140_1 New Net Name=NetR52_1
Change Net Name : Old Net Name=NetR141_1 New Net Name=NetR53_1
Change Net Name : Old Net Name=NetR142_1 New Net Name=NetR54_1
Change Net Name : Old Net Name=NetR143_1 New Net Name=NetR55_1
Change Net Name : Old Net Name=NetR144_1 New Net Name=NetR56_1
Change Net Name : Old Net Name=NetR145_1 New Net Name=NetR57_1
Change Net Name : Old Net Name=NetR146_1 New Net Name=NetR58_1
Change Net Name : Old Net Name=NetR147_1 New Net Name=NetR59_1
Change Net Name : Old Net Name=NetR148_1 New Net Name=NetR60_1
Change Net Name : Old Net Name=NetR149_1 New Net Name=NetR61_1
Change Net Name : Old Net Name=NetR150_1 New Net Name=NetR62_1
Change Net Name : Old Net Name=NetR151_1 New Net Name=NetR63_1
Change Net Name : Old Net Name=NetR152_2 New Net Name=NetR64_2
Change Net Name : Old Net Name=NetR153_1 New Net Name=NetR65_1
Change Net Name : Old Net Name=NetR154_1 New Net Name=NetR66_1
Change Net Name : Old Net Name=NetR155_1 New Net Name=NetR67_1
Change Net Name : Old Net Name=NetR156_1 New Net Name=NetR68_1
Change Net Name : Old Net Name=NetR157_1 New Net Name=NetR69_1
Change Net Name : Old Net Name=NetR158_1 New Net Name=NetR70_1
Change Net Name : Old Net Name=NetR159_2 New Net Name=NetR71_2
Change Net Name : Old Net Name=NetR160_1 New Net Name=NetR72_1
Change Net Name : Old Net Name=NetR161_1 New Net Name=NetR73_1
Change Net Name : Old Net Name=NetR162_1 New Net Name=NetR74_1
Change Net Name : Old Net Name=NetR163_1 New Net Name=NetR75_1
Change Net Name : Old Net Name=NetR164_1 New Net Name=NetR76_1
Change Net Name : Old Net Name=NetR165_1 New Net Name=NetR77_1
Change Net Name : Old Net Name=NetR166_1 New Net Name=NetR78_1
Change Net Name : Old Net Name=NetR167_1 New Net Name=NetR79_1
Change Net Name : Old Net Name=NetR168_1 New Net Name=NetR80_1
Change Net Name : Old Net Name=NetR169_1 New Net Name=NetR81_1
Change Net Name : Old Net Name=NetR170_2 New Net Name=NetR82_2
Change Net Name : Old Net Name=NetU16_14 New Net Name=NetU1_14
Change Net Name : Old Net Name=NetU16_15 New Net Name=NetU1_15
Change Net Name : Old Net Name=NetU16_17 New Net Name=NetU1_17
Change Net Name : Old Net Name=NetU17_34 New Net Name=NetU2_34
Change Net Name : Old Net Name=NetU17_35 New Net Name=NetU2_35
Change Net Name : Old Net Name=NetU20_14 New Net Name=NetU5_14
Change Net Name : Old Net Name=NetU21_9 New Net Name=NetU6_9
Change Net Name : Old Net Name=NetU22_14 New Net Name=NetU7_14
Change Net Name : Old Net Name=NetU23_9 New Net Name=NetU8_9
Change Net Name : Old Net Name=NetU24_14 New Net Name=NetU9_14
Change Net Name : Old Net Name=NetU25_9 New Net Name=NetU10_9
Change Net Name : Old Net Name=NetU26_14 New Net Name=NetU11_14
Added Member To Class: ClassName=MCU Member=Component C4 100 nF, 50 VDC
Added Member To Class: ClassName=MCU Member=Component C5 1 uF, 16 VDC
