Removed Pin From Net: NetName=ESP_TXD Pin=R82-2
Removed Pin From Net: NetName=ESP_RXD Pin=R83-2
Change Component Footprint: Designator=U14 Old Footprint=XCVR_ESP32-WROOM-32E_(4MB) New Footprint=ESP32-WROOM
Change Component Comment : Designator=U14 Old Comment=ESP32-WROOM-32E_(4MB) New Comment=ESP32-WROOM-32E
Change Component Designator: OldDesignator=C29 NewDesignator=C31
Change Component Designator: OldDesignator=C30 NewDesignator=C34
Change Component Designator: OldDesignator=C31 NewDesignator=C35
Change Component Designator: OldDesignator=C34 NewDesignator=C29
Change Component Designator: OldDesignator=C35 NewDesignator=C30
Change Component Designator: OldDesignator=C38 NewDesignator=C36
Change Component Designator: OldDesignator=C39 NewDesignator=C37
Change Component Designator: OldDesignator=R56 NewDesignator=R58
Change Component Designator: OldDesignator=R57 NewDesignator=R56
Change Component Designator: OldDesignator=R58 NewDesignator=R57
Change Component Designator: OldDesignator=R61 NewDesignator=R62
Change Component Designator: OldDesignator=R62 NewDesignator=R63
Change Component Designator: OldDesignator=R63 NewDesignator=R64
Change Component Designator: OldDesignator=R64 NewDesignator=R65
Change Component Designator: OldDesignator=R65 NewDesignator=R66
Change Component Designator: OldDesignator=R66 NewDesignator=R67
Change Component Designator: OldDesignator=R67 NewDesignator=R68
Change Component Designator: OldDesignator=R68 NewDesignator=R69
Change Component Designator: OldDesignator=R69 NewDesignator=R70
Change Component Designator: OldDesignator=R70 NewDesignator=R71
Change Component Designator: OldDesignator=R71 NewDesignator=R72
Change Component Designator: OldDesignator=R72 NewDesignator=R73
Change Component Designator: OldDesignator=R73 NewDesignator=R74
Change Component Designator: OldDesignator=R74 NewDesignator=R75
Change Component Designator: OldDesignator=R75 NewDesignator=R76
Change Component Designator: OldDesignator=R76 NewDesignator=R61
Change Component Designator: OldDesignator=R80 NewDesignator=R81
Change Component Designator: OldDesignator=R81 NewDesignator=R82
Change Component Designator: OldDesignator=R84 NewDesignator=R85
Change Component Designator: OldDesignator=R85 NewDesignator=R86
Change Component Designator: OldDesignator=R86 NewDesignator=R87
Change Component Designator: OldDesignator=R87 NewDesignator=R88
Change Component Designator: OldDesignator=U12 NewDesignator=U13
Change component parameters: Designator = "U14" ("U14"); Footprint = "XCVR_ESP32-WROOM-32E_(4MB)"; UniqueID = "\HYVUKCLZ" ("\HYVUKCLZ")
Change component parameters (AddParameter): Name = "Antenna Type"; Value = "Integrated, Trace"; VariantName = "[No Variations]"
Change component parameters (AddParameter): Name = "Category"; Value = "RF and Wireless"; VariantName = "[No Variations]"
Change component parameters (AddParameter): Name = "ComponentLink1Description"; Value = "Hshop"; VariantName = "[No Variations]"
Change component parameters (AddParameter): Name = "ComponentLink1URL"; Value = "https://hshop.vn/products/mach-thu-phat-wifi-ble-soc-esp32-v1"; VariantName = "[No Variations]"
Change component parameters (AddParameter): Name = "ComponentLink2Description"; Value = "Datasheet"; VariantName = "[No Variations]"
Change component parameters (AddParameter): Name = "ComponentLink2URL"; Value = "https://www.espressif.com/sites/default/files/russianDocumentation/esp32-wroom-32e_esp32-wroom-32ue_datasheet_en.pdf"; VariantName = "[No Variations]"
Change component parameters (AddParameter): Name = "Data Rate"; Value = "150Mbps"; VariantName = "[No Variations]"
Change component parameters (AddParameter): Name = "Frequency"; Value = "2.4GHz ~ 2.5GHz"; VariantName = "[No Variations]"
Change component parameters (AddParameter): Name = "Memory Size"; Value = "4MB Flash, 448kB ROM, 536kB SRAM"; VariantName = "[No Variations]"
Change component parameters (AddParameter): Name = "Mfr"; Value = "Espressif Systems"; VariantName = "[No Variations]"
Change component parameters (AddParameter): Name = "Modulation"; Value = "CCK, DSSS, OFDM"; VariantName = "[No Variations]"
Change component parameters (AddParameter): Name = "Mounting Type"; Value = "Surface Mount"; VariantName = "[No Variations]"
Change component parameters (AddParameter): Name = "Operating Temperature"; Value = "-40°C ~ 85°C"; VariantName = "[No Variations]"
Change component parameters (AddParameter): Name = "Power - Output"; Value = "20dBm"; VariantName = "[No Variations]"
Change component parameters (AddParameter): Name = "Protocol"; Value = "802.11b/g/n, Bluetooth v4.2 +EDR, Class 1, 2 and 3"; VariantName = "[No Variations]"
Change component parameters (AddParameter): Name = "RF Family/Standard"; Value = "Bluetooth, WiFi"; VariantName = "[No Variations]"
Change component parameters (AddParameter): Name = "Sensitivity"; Value = "-98dBm"; VariantName = "[No Variations]"
Change component parameters (AddParameter): Name = "Serial Interfaces"; Value = "ADC, GPIO, I²C, I²S, PWM, SDIO, SPI, UART"; VariantName = "[No Variations]"
Change component parameters (AddParameter): Name = "Series"; Value = "ESP32"; VariantName = "[No Variations]"
Change component parameters (AddParameter): Name = "Utilized IC / Part"; Value = "ESP32-D0WD-V3"; VariantName = "[No Variations]"
Change component parameters (AddParameter): Name = "Voltage - Supply"; Value = "3V ~ 3.6V"; VariantName = "[No Variations]"
Added Component: Designator=R80(TRIM_TC33X-2-103E)
Add component (AddParameter): Name = "Check_prices"; Value = "https://www.snapeda.com/parts/TC33X-2-103E/Bourns/view-part/47092/?ref=eda"; VariantName = "[No Variations]"
Add component (AddParameter): Name = "Digi-Key_Part_Number"; Value = "TC33X-103ECT-ND"; VariantName = "[No Variations]"
Add component (AddParameter): Name = "MF"; Value = "Bourns"; VariantName = "[No Variations]"
Add component (AddParameter): Name = "MP"; Value = "TC33X-2-103E"; VariantName = "[No Variations]"
Add component (AddParameter): Name = "Package"; Value = "SOD-23 Bourns"; VariantName = "[No Variations]"
Add component (AddParameter): Name = "Purchase-URL"; Value = "https://pricing.snapeda.com/search/part/TC33X-2-103E/?ref=eda"; VariantName = "[No Variations]"
Add component (AddParameter): Name = "SnapEDA_Link"; Value = "https://www.snapeda.com/parts/TC33X-2-103E/Bourns/view-part/47092/?ref=snap"; VariantName = "[No Variations]"
Add component (AddParameter): Name = "Value"; Value = ""; VariantName = "[No Variations]"
Added Component: Designator=R84(RES-SM-0603)
Add component (AddParameter): Name = "Value"; Value = "0"; VariantName = "[No Variations]"
Added Component: Designator=U12(SOIC127P600X180-16N)
Add component (AddParameter): Name = "Availability"; Value = "Not in stock"; VariantName = "[No Variations]"
Add component (AddParameter): Name = "Check_prices"; Value = "https://www.snapeda.com/parts/CH340C/WCH/view-part/?ref=eda"; VariantName = "[No Variations]"
Add component (AddParameter): Name = "MF"; Value = "WCH"; VariantName = "[No Variations]"
Add component (AddParameter): Name = "MP"; Value = "CH340C"; VariantName = "[No Variations]"
Add component (AddParameter): Name = "Package"; Value = "None"; VariantName = "[No Variations]"
Add component (AddParameter): Name = "Price"; Value = "None"; VariantName = "[No Variations]"
Add component (AddParameter): Name = "SnapEDA_Link"; Value = "https://www.snapeda.com/parts/CH340C/WCH/view-part/?ref=snap"; VariantName = "[No Variations]"
Add component (AddParameter): Name = "Value"; Value = ""; VariantName = "[No Variations]"
Added Pin To Net: NetName=NetIC1_2 Pin=R80-1
Added Pin To Net: NetName=NetIC1_1 Pin=R80-3
Added Pin To Net: NetName=GND Pin=U12-1
Added Pin To Net: NetName=ESP_TXD Pin=U12-2
Added Pin To Net: NetName=ESP_RXD Pin=U12-3
Added Pin To Net: NetName=3V3 Pin=U12-4
Added Pin To Net: NetName=D+ Pin=U12-5
Added Pin To Net: NetName=D- Pin=U12-6
Added Pin To Net: NetName=DTR Pin=U12-13
Added Pin To Net: NetName=RTS Pin=U12-14
Added Pin To Net: NetName=5V Pin=U12-16
Change Net Name : Old Net Name=D+ New Net Name=NetJ11_3
Change Net Name : Old Net Name=D- New Net Name=NetJ11_2
Change Net Name : Old Net Name=NetC35_1 New Net Name=NetC30_1
Change Net Name : Old Net Name=NetC35_2 New Net Name=NetC30_2
Change Net Name : Old Net Name=NetR61_2 New Net Name=NetR62_2
Change Net Name : Old Net Name=NetR62_2 New Net Name=NetR63_2
Change Net Name : Old Net Name=NetR63_2 New Net Name=NetR64_2
Change Net Name : Old Net Name=NetR64_2 New Net Name=NetR65_2
Change Net Name : Old Net Name=NetR66_2 New Net Name=NetR67_2
Change Net Name : Old Net Name=NetR67_2 New Net Name=NetR68_2
Change Net Name : Old Net Name=NetR68_2 New Net Name=NetR69_2
Change Net Name : Old Net Name=NetR69_2 New Net Name=NetR70_2
Change Net Name : Old Net Name=NetR70_2 New Net Name=NetR71_2
Change Net Name : Old Net Name=NetR71_2 New Net Name=NetR72_2
Change Net Name : Old Net Name=NetR72_2 New Net Name=NetR73_2
Change Net Name : Old Net Name=NetR73_2 New Net Name=NetR74_2
Change Net Name : Old Net Name=NetR74_2 New Net Name=NetR75_2
Change Net Name : Old Net Name=NetR75_2 New Net Name=NetR76_2
Added Pin To Net: NetName=NetC29_2 Pin=C29-2
Added Pin To Net: NetName=NetC29_2 Pin=R80-2
Added Net: Name=NetC29_2
Added Pin To Net: NetName=NetR83_1 Pin=R83-1
Added Pin To Net: NetName=NetR83_1 Pin=U14-28
Added Net: Name=NetR83_1
Added Pin To Net: NetName=NetR84_1 Pin=R84-1
Added Pin To Net: NetName=NetR84_1 Pin=U14-27
Added Net: Name=NetR84_1
Added Pin To Net: NetName=RX Pin=R84-2
Added Pin To Net: NetName=RX Pin=U3-13
Added Net: Name=RX
Added Pin To Net: NetName=TX Pin=R83-2
Added Pin To Net: NetName=TX Pin=U3-12
Added Net: Name=TX
Added Member To Class: ClassName=ver2 Member=Component R88 RESISTOR SMD
Added Member To Class: ClassName=ver2 Member=Component U13 USBLC6-2SC6
Added Room: Name=ver2
