Added Member To Class: ClassName=ver2 Member=Component C29 1 µF, 16 V
Added Member To Class: ClassName=ver2 Member=Component C30 1 µF, 16 V
Added Member To Class: ClassName=ver2 Member=Component C34 Cap Non-Pol SMD
Added Member To Class: ClassName=ver2 Member=Component C35 Cap Non-Pol SMD
Added Member To Class: ClassName=ver2 Member=Component R56 RESISTOR SMD
Added Member To Class: ClassName=ver2 Member=Component R58 RESISTOR SMD
Added Member To Class: ClassName=ver2 Member=Component R62 RESISTOR SMD
Added Member To Class: ClassName=ver2 Member=Component R64 RESISTOR SMD
Added Member To Class: ClassName=ver2 Member=Component R66 RESISTOR SMD
Added Member To Class: ClassName=ver2 Member=Component R68 RESISTOR SMD
Added Member To Class: ClassName=ver2 Member=Component R70 RESISTOR SMD
Added Member To Class: ClassName=ver2 Member=Component R72 RESISTOR SMD
Added Member To Class: ClassName=ver2 Member=Component R74 RESISTOR SMD
Added Member To Class: ClassName=ver2 Member=Component R76 RESISTOR SMD
Added Member To Class: ClassName=ver2 Member=Component R80 TC33X-2-103E
Added Member To Class: ClassName=ver2 Member=Component R82 RESISTOR SMD
Added Member To Class: ClassName=ver2 Member=Component R84 RESISTOR SMD
Added Member To Class: ClassName=ver2 Member=Component R86 RESISTOR SMD
Added Member To Class: ClassName=ver2 Member=Component U12 CH340C
Added Room: Name=ver2
