Change Component Designator: Old Designator=C73 New Designator=C32
Change Component Designator: Old Designator=C74 New Designator=C33
Change Component Designator: Old Designator=C75 New Designator=C34
Change Component Designator: Old Designator=C76 New Designator=C35
Change Component Designator: Old Designator=C77 New Designator=C36
Change Component Designator: Old Designator=C78 New Designator=C37
Change Component Designator: Old Designator=C79 New Designator=C38
Change Component Designator: Old Designator=C80 New Designator=C39
Change Component Designator: Old Designator=C81 New Designator=C40
Change Component Designator: Old Designator=C82 New Designator=C41
Change Component Designator: Old Designator=C83 New Designator=C42
Change Component Designator: Old Designator=C84 New Designator=C43
Change Component Designator: Old Designator=C85 New Designator=C44
Change Component Designator: Old Designator=D10 New Designator=D4
Change Component Designator: Old Designator=D11 New Designator=D5
Change Component Designator: Old Designator=D12 New Designator=D6
Change Component Designator: Old Designator=F2 New Designator=F1
Change Component Designator: Old Designator=J26 New Designator=J13
Change Component Designator: Old Designator=R176 New Designator=R88
Change Component Designator: Old Designator=R177 New Designator=R89
Change Component Designator: Old Designator=R178 New Designator=R90
Change Component Designator: Old Designator=S4 New Designator=S2
Change Component Designator: Old Designator=SW2 New Designator=SW1
Change Component Designator: Old Designator=U28 New Designator=U13
Change Component Designator: Old Designator=U29 New Designator=U14
Change Component Designator: Old Designator=U30 New Designator=U15
