Change Component Designator: Old Designator=C31 New Designator=C29
Change Component Designator: Old Designator=C32 New Designator=C30
Change Component Designator: Old Designator=C33 New Designator=C31
Change Component Designator: Old Designator=C34 New Designator=C32
Change Component Designator: Old Designator=C35 New Designator=C33
Change Component Designator: Old Designator=C36 New Designator=C37
Change Component Designator: Old Designator=C37 New Designator=C38
Change Component Designator: Old Designator=C? New Designator=C34
Change Component Designator: Old Designator=C? New Designator=C35
Change Component Designator: Old Designator=C? New Designator=C36
Change Component Designator: Old Designator=IC? New Designator=IC1
Change Component Designator: Old Designator=LS? New Designator=LS1
Change Component Designator: Old Designator=Q? New Designator=Q9
Change Component Designator: Old Designator=Q? New Designator=Q10
Change Component Designator: Old Designator=R61 New Designator=R65
Change Component Designator: Old Designator=R62 New Designator=R61
Change Component Designator: Old Designator=R63 New Designator=R62
Change Component Designator: Old Designator=R64 New Designator=R63
Change Component Designator: Old Designator=R65 New Designator=R64
Change Component Designator: Old Designator=R83 New Designator=R87
Change Component Designator: Old Designator=R84 New Designator=R88
Change Component Designator: Old Designator=R85 New Designator=R82
Change Component Designator: Old Designator=R86 New Designator=R85
Change Component Designator: Old Designator=R87 New Designator=R89
Change Component Designator: Old Designator=R88 New Designator=R90
Change Component Designator: Old Designator=R? New Designator=R78
Change Component Designator: Old Designator=R? New Designator=R79
Change Component Designator: Old Designator=R? New Designator=R80
Change Component Designator: Old Designator=R? New Designator=R81
Change Component Designator: Old Designator=R? New Designator=R83
Change Component Designator: Old Designator=R? New Designator=R84
Change Component Designator: Old Designator=R? New Designator=R86
