Change Component Designator: Old Designator=C29 New Designator=C31
Change Component Designator: Old Designator=C30 New Designator=C34
Change Component Designator: Old Designator=C31 New Designator=C35
Change Component Designator: Old Designator=C34 New Designator=C29
Change Component Designator: Old Designator=C35 New Designator=C30
Change Component Designator: Old Designator=C38 New Designator=C36
Change Component Designator: Old Designator=C39 New Designator=C37
Change Component Designator: Old Designator=R56 New Designator=R58
Change Component Designator: Old Designator=R57 New Designator=R56
Change Component Designator: Old Designator=R58 New Designator=R57
Change Component Designator: Old Designator=R61 New Designator=R62
Change Component Designator: Old Designator=R62 New Designator=R63
Change Component Designator: Old Designator=R63 New Designator=R64
Change Component Designator: Old Designator=R64 New Designator=R65
Change Component Designator: Old Designator=R65 New Designator=R66
Change Component Designator: Old Designator=R66 New Designator=R67
Change Component Designator: Old Designator=R67 New Designator=R68
Change Component Designator: Old Designator=R68 New Designator=R69
Change Component Designator: Old Designator=R69 New Designator=R70
Change Component Designator: Old Designator=R70 New Designator=R71
Change Component Designator: Old Designator=R71 New Designator=R72
Change Component Designator: Old Designator=R72 New Designator=R73
Change Component Designator: Old Designator=R73 New Designator=R74
Change Component Designator: Old Designator=R74 New Designator=R75
Change Component Designator: Old Designator=R75 New Designator=R76
Change Component Designator: Old Designator=R76 New Designator=R61
Change Component Designator: Old Designator=R80 New Designator=R81
Change Component Designator: Old Designator=R81 New Designator=R82
Change Component Designator: Old Designator=R84 New Designator=R85
Change Component Designator: Old Designator=R85 New Designator=R86
Change Component Designator: Old Designator=R86 New Designator=R87
Change Component Designator: Old Designator=R87 New Designator=R88
Change Component Designator: Old Designator=R88 New Designator=R80
Change Component Designator: Old Designator=R? New Designator=R83
Change Component Designator: Old Designator=R? New Designator=R84
Change Component Designator: Old Designator=U12 New Designator=U13
Change Component Designator: Old Designator=U? New Designator=U12
Change Component Designator: Old Designator=U? New Designator=U14
