Change Component Designator: Old Designator=C33 New Designator=C32
Change Component Designator: Old Designator=C34 New Designator=C35
Change Component Designator: Old Designator=C35 New Designator=C36
Change Component Designator: Old Designator=C36 New Designator=C37
Change Component Designator: Old Designator=C37 New Designator=C38
Change Component Designator: Old Designator=C38 New Designator=C39
Change Component Designator: Old Designator=C? New Designator=C33
Change Component Designator: Old Designator=C? New Designator=C34
Change Component Designator: Old Designator=R81 New Designator=R80
Change Component Designator: Old Designator=R82 New Designator=R81
Change Component Designator: Old Designator=R84 New Designator=R83
Change Component Designator: Old Designator=R85 New Designator=R84
Change Component Designator: Old Designator=R86 New Designator=R85
Change Component Designator: Old Designator=R87 New Designator=R86
Change Component Designator: Old Designator=R88 New Designator=R87
Change Component Designator: Old Designator=R89 New Designator=R88
Change Component Designator: Old Designator=R? New Designator=R78
Change Component Designator: Old Designator=R? New Designator=R79
Change Component Designator: Old Designator=R? New Designator=R82
Change Component Designator: Old Designator=U14 New Designator=U15
Change Component Designator: Old Designator=U? New Designator=U14
